
> h-2025@1.0.0 build-storybook
> storybook build --output-dir=C:\Users\MINJEO~1\AppData\Local\Temp\chromatic--24824-4mzWyne3eS6W

[1m@storybook/core v8.6.9
[22m
info => Cleaning outputDir: [36m..\..\MINJEO~1\AppData\Local\Temp\chromatic--24824-4mzWyne3eS6W[39m
info => Loading presets
info => Building manager..
info => Manager built ([38;2;181;126;229m1.31 s[39m)
info => Building preview..
WARN No story files found for the specified pattern: [34msrc\**\*.stories.@(js|jsx|ts|tsx)[39m
info Addon-docs: using MDX3
info => Using implicit CSS loaders
info => Using default Webpack5 setup
WARN asset size limit: The following asset(s) exceed the recommended size limit (244 KiB).
WARN This can impact web performance.
WARN Assets: 
WARN   735.78c9ff77.iframe.bundle.js (362 KiB)
WARN   253.82dd9e86.iframe.bundle.js (1.41 MiB)
WARN   878.4b704fcd.iframe.bundle.js (974 KiB)
WARN entrypoint size limit: The following entrypoint(s) combined asset size exceeds the recommended limit (244 KiB). This can impact web performance.
WARN Entrypoints:
WARN   main (1.43 MiB)
WARN       runtime~main.e399d064.iframe.bundle.js
WARN       253.82dd9e86.iframe.bundle.js
WARN       main.b606d635.iframe.bundle.js
WARN 
info => Preview built ([38;2;181;126;229m31 s[39m)
info => Output directory: C:\Users\MINJEO~1\AppData\Local\Temp\chromatic--24824-4mzWyne3eS6W
